2021-04-09 10:09:58,216 - tools.report.log_tool - INFO - -------测试开始，启动chrome_debugger浏览器成功------- 
2021-04-09 10:12:54,607 - tools.report.log_tool - INFO - -------测试开始，启动chrome_debugger浏览器成功------- 
2021-04-09 10:13:14,534 - tools.report.log_tool - INFO - -------测试开始，启动chrome_debugger浏览器成功------- 
2021-04-09 10:13:14,536 - tools.report.log_tool - INFO - 定位元素 //i[@class='icon iconfont icon-jindu']/.. 
2021-04-09 10:13:14,564 - tools.report.log_tool - INFO - 点击元素： <selenium.webdriver.remote.webelement.WebElement (session="34f3fc152468878808ff1f267f7dceb6", element="6723b6e7-2e2e-4e34-9f81-4a317814a1ea")> 
2021-04-09 10:13:16,110 - tools.report.log_tool - INFO - 获取当前页面的url https://customer-uat.transtalent.cn/#/studyDataDashboard 
2021-04-09 10:13:17,116 - tools.report.log_tool - INFO - 本条测试用例结束时间：2021-04-09 10:13:17
2021-04-09 10:13:52,059 - tools.report.log_tool - INFO - -------测试开始，启动chrome_debugger浏览器成功------- 
2021-04-09 10:13:52,061 - tools.report.log_tool - INFO - 定位元素 //i[@class='icon iconfont icon-cleanstudy']/.. 
2021-04-09 10:13:52,088 - tools.report.log_tool - INFO - 点击元素： <selenium.webdriver.remote.webelement.WebElement (session="a13f874a9ba5928a21da803a7f24effd", element="476dfed6-5153-4a20-8e51-cad951920cf6")> 
2021-04-09 10:13:53,673 - tools.report.log_tool - INFO - 获取当前页面的url https://customer-uat.transtalent.cn/#/cleanStudyData 
2021-04-09 10:13:54,681 - tools.report.log_tool - INFO - 本条测试用例结束时间：2021-04-09 10:13:54
2021-04-09 10:14:08,974 - tools.report.log_tool - INFO - -------测试开始，启动chrome_debugger浏览器成功------- 
2021-04-09 10:14:08,975 - tools.report.log_tool - INFO - 定位元素 //i[@class='icon iconfont icon-yonghu']/.. 
2021-04-09 10:14:09,001 - tools.report.log_tool - INFO - 点击元素： <selenium.webdriver.remote.webelement.WebElement (session="640205f7af777123c3919246aa038292", element="8b05019c-3b65-4753-8f91-668171b022f8")> 
2021-04-09 10:14:10,559 - tools.report.log_tool - INFO - 获取当前页面的url https://customer-uat.transtalent.cn/#/userListNew 
2021-04-09 10:14:11,576 - tools.report.log_tool - INFO - 本条测试用例结束时间：2021-04-09 10:14:11
2021-04-09 10:15:28,582 - tools.report.log_tool - INFO - -------测试开始，启动headless浏览器成功------- 
2021-04-09 10:15:28,595 - tools.report.log_tool - INFO - 定位元素 //i[@class='icon iconfont icon-yonghu']/.. 
2021-04-09 10:15:38,970 - tools.report.log_tool - ERROR - //i[@class='icon iconfont icon-yonghu']/..定位元素超时，请检查定为语句是否正确，或者尝试其他定位方式
2021-04-09 11:31:32,623 - tools.report.log_tool - INFO - -------测试开始，启动chrome_debugger浏览器成功------- 
2021-04-09 11:31:32,625 - tools.report.log_tool - INFO - 定位元素 //*[@id='out-table']/div[3]/table/tbody/tr/td[4]/div 
2021-04-09 11:31:32,664 - tools.report.log_tool - INFO - 获取元素： <selenium.webdriver.remote.webelement.WebElement (session="13e418462dc186787089d5d937c93575", element="b8c721a5-c36e-4379-98a1-975dd97cd7bf")>  的展示文本为:  AN144 
2021-04-09 11:31:32,664 - tools.report.log_tool - INFO - 定位元素 (//input[@placeholder='根据姓名/手机号/账号搜索学员'])[1] 
2021-04-09 11:31:32,707 - tools.report.log_tool - INFO - <selenium.webdriver.remote.webelement.WebElement (session="13e418462dc186787089d5d937c93575", element="be86d9f8-25da-4fa2-bf36-9243589f0b6a")> 中输入： AN144 
2021-04-09 11:31:34,959 - tools.report.log_tool - INFO - 定位元素 //*[@id='out-table']/div[3]/table/tbody/tr/td[5]/div 
2021-04-09 11:31:34,990 - tools.report.log_tool - INFO - 获取元素： <selenium.webdriver.remote.webelement.WebElement (session="13e418462dc186787089d5d937c93575", element="361f806b-2c46-4d93-b2b2-af05441968ab")>  的展示文本为:  AutoN 
2021-04-09 11:31:54,452 - tools.report.log_tool - INFO - -------测试开始，启动chrome_debugger浏览器成功------- 
2021-04-09 11:31:54,453 - tools.report.log_tool - INFO - 定位元素 //*[@id='out-table']/div[3]/table/tbody/tr/td[4]/div 
2021-04-09 11:31:54,479 - tools.report.log_tool - INFO - 获取元素： <selenium.webdriver.remote.webelement.WebElement (session="cb787cf0ed1fe1d84374b4228edd0782", element="b8c721a5-c36e-4379-98a1-975dd97cd7bf")>  的展示文本为:  AN144 
2021-04-09 11:31:54,479 - tools.report.log_tool - INFO - 定位元素 (//input[@placeholder='根据姓名/手机号/账号搜索学员'])[1] 
2021-04-09 11:31:54,495 - tools.report.log_tool - INFO - <selenium.webdriver.remote.webelement.WebElement (session="cb787cf0ed1fe1d84374b4228edd0782", element="be86d9f8-25da-4fa2-bf36-9243589f0b6a")> 中输入： AN144 
2021-04-09 11:31:56,535 - tools.report.log_tool - INFO - 定位元素 //*[@id='out-table']/div[3]/table/tbody/tr/td[5]/div 
2021-04-09 11:31:56,596 - tools.report.log_tool - INFO - 获取元素： <selenium.webdriver.remote.webelement.WebElement (session="cb787cf0ed1fe1d84374b4228edd0782", element="361f806b-2c46-4d93-b2b2-af05441968ab")>  的展示文本为:  AutoN 
2021-04-09 11:32:27,118 - tools.report.log_tool - INFO - -------测试开始，启动chrome_debugger浏览器成功------- 
2021-04-09 11:32:27,119 - tools.report.log_tool - INFO - 定位元素 //*[@id='out-table']/div[3]/table/tbody/tr/td[4]/div 
2021-04-09 11:32:27,159 - tools.report.log_tool - INFO - 获取元素： <selenium.webdriver.remote.webelement.WebElement (session="ee1cee1528fa5f44c8c526dc5ddff5c9", element="1119925e-5db3-499c-8b13-ff0459008bb9")>  的展示文本为:  AN144 
2021-04-09 11:32:27,159 - tools.report.log_tool - INFO - 定位元素 (//input[@placeholder='根据姓名/手机号/账号搜索学员'])[1] 
2021-04-09 11:32:27,183 - tools.report.log_tool - INFO - <selenium.webdriver.remote.webelement.WebElement (session="ee1cee1528fa5f44c8c526dc5ddff5c9", element="cb4689a3-c0c9-478d-a056-5f4cb63c9d50")> 中输入： AN144 
2021-04-09 11:32:29,706 - tools.report.log_tool - INFO - 定位元素 //*[@id='out-table']/div[3]/table/tbody/tr/td[5]/div 
2021-04-09 11:32:29,799 - tools.report.log_tool - INFO - 获取元素： <selenium.webdriver.remote.webelement.WebElement (session="ee1cee1528fa5f44c8c526dc5ddff5c9", element="9f3482bc-9555-4788-8d53-e41849362a76")>  的展示文本为:  AutoN 
2021-04-09 11:33:55,819 - tools.report.log_tool - INFO - -------测试开始，启动chrome_debugger浏览器成功------- 
2021-04-09 11:33:55,820 - tools.report.log_tool - INFO - 定位元素 //*[@id='out-table']/div[3]/table/tbody/tr/td[4]/div 
2021-04-09 11:33:55,847 - tools.report.log_tool - INFO - 获取元素： <selenium.webdriver.remote.webelement.WebElement (session="bc3debcb47cf1eab20a4c4fdcf8dd53a", element="1119925e-5db3-499c-8b13-ff0459008bb9")>  的展示文本为:  AN144 
2021-04-09 11:33:55,847 - tools.report.log_tool - INFO - 定位元素 (//input[@placeholder='根据姓名/手机号/账号搜索学员'])[1] 
2021-04-09 11:33:55,867 - tools.report.log_tool - INFO - <selenium.webdriver.remote.webelement.WebElement (session="bc3debcb47cf1eab20a4c4fdcf8dd53a", element="cb4689a3-c0c9-478d-a056-5f4cb63c9d50")> 中输入： AN144 
2021-04-09 11:33:58,027 - tools.report.log_tool - INFO - 定位元素 //*[@id='out-table']/div[3]/table/tbody/tr/td[5]/div 
2021-04-09 11:33:58,100 - tools.report.log_tool - INFO - 获取元素： <selenium.webdriver.remote.webelement.WebElement (session="bc3debcb47cf1eab20a4c4fdcf8dd53a", element="9f3482bc-9555-4788-8d53-e41849362a76")>  的展示文本为:  AutoN 
2021-04-09 11:34:37,956 - tools.report.log_tool - INFO - -------测试开始，启动chrome_debugger浏览器成功------- 
2021-04-09 11:34:37,957 - tools.report.log_tool - INFO - 定位元素 //*[@id='out-table']/div[3]/table/tbody/tr/td[4]/div 
2021-04-09 11:34:37,983 - tools.report.log_tool - INFO - 获取元素： <selenium.webdriver.remote.webelement.WebElement (session="8e95679fbf66e13d454dd63b5728cd54", element="1119925e-5db3-499c-8b13-ff0459008bb9")>  的展示文本为:  AN144 
2021-04-09 11:34:37,983 - tools.report.log_tool - INFO - 定位元素 (//input[@placeholder='根据姓名/手机号/账号搜索学员'])[1] 
2021-04-09 11:34:37,999 - tools.report.log_tool - INFO - <selenium.webdriver.remote.webelement.WebElement (session="8e95679fbf66e13d454dd63b5728cd54", element="cb4689a3-c0c9-478d-a056-5f4cb63c9d50")> 中输入： AN144 
2021-04-09 11:34:40,037 - tools.report.log_tool - INFO - 定位元素 //*[@id='out-table']/div[3]/table/tbody/tr/td[5]/div 
2021-04-09 11:34:40,140 - tools.report.log_tool - INFO - 获取元素： <selenium.webdriver.remote.webelement.WebElement (session="8e95679fbf66e13d454dd63b5728cd54", element="9f3482bc-9555-4788-8d53-e41849362a76")>  的展示文本为:  AutoN 
2021-04-09 11:34:41,240 - tools.report.log_tool - INFO - 定位元素 //button[@aria-haspopup='list'] 
2021-04-09 11:34:41,260 - tools.report.log_tool - INFO - 点击元素： <selenium.webdriver.remote.webelement.WebElement (session="8e95679fbf66e13d454dd63b5728cd54", element="3175d08d-5cf2-4b62-bf62-703f56059e24")> 
2021-04-09 11:34:41,872 - tools.report.log_tool - INFO - 定位元素 (//div[text()='导入学员'])[1] 
2021-04-09 11:34:41,926 - tools.report.log_tool - INFO - 点击元素： <selenium.webdriver.remote.webelement.WebElement (session="8e95679fbf66e13d454dd63b5728cd54", element="d63aec80-577b-4660-94e0-e449d9b46a2d")> 
2021-04-09 11:34:42,512 - tools.report.log_tool - INFO - 定位元素 //div[@class='el-upload-dragger'] 
2021-04-09 11:34:42,550 - tools.report.log_tool - INFO - <selenium.webdriver.remote.webelement.WebElement (session="8e95679fbf66e13d454dd63b5728cd54", element="1b8eec36-09b6-4c21-aef3-2af682908228")> 中输入： ../../data/data_stu_template/学员导出模板.xls 
